<?xml version="1.0" encoding="UTF-8"?>
<testsuite xmlns:xsi="http://www.w3.org/2001/XMLSchema-instance" xsi:noNamespaceSchemaLocation="https://maven.apache.org/surefire/maven-surefire-plugin/xsd/surefire-test-report.xsd" name="com.food.ordering.system.AppTest" time="0.022" tests="1" errors="0" skipped="0" failures="0">
  <properties>
    <property name="java.specification.version" value="17"/>
    <property name="sun.jnu.encoding" value="UTF-8"/>
    <property name="java.class.path" value="/home/rodrigops/Projects/udemy-microservices/food-orderings-system/order-service/order-container/target/test-classes:/home/rodrigops/Projects/udemy-microservices/food-orderings-system/order-service/order-container/target/classes:/home/rodrigops/Projects/udemy-microservices/food-orderings-system/order-service/order-domain/order-domain-core/target/order-domain-core-1.0-SNAPSHOT.jar:/home/rodrigops/Projects/udemy-microservices/food-orderings-system/order-service/order-domain/order-application-service/target/order-application-service-1.0-SNAPSHOT.jar:/home/rodrigops/Projects/udemy-microservices/food-orderings-system/order-service/order-application/target/order-application-1.0-SNAPSHOT.jar:/home/rodrigops/Projects/udemy-microservices/food-orderings-system/order-service/order-data-access/target/order-data-access-1.0-SNAPSHOT.jar:/home/rodrigops/Projects/udemy-microservices/food-orderings-system/order-service/order-messaging/target/order-messaging-1.0-SNAPSHOT.jar:/home/rodrigops/.m2/repository/junit/junit/4.13.2/junit-4.13.2.jar:/home/rodrigops/.m2/repository/org/hamcrest/hamcrest-core/2.2/hamcrest-core-2.2.jar:/home/rodrigops/.m2/repository/org/hamcrest/hamcrest/2.2/hamcrest-2.2.jar:"/>
    <property name="java.vm.vendor" value="Private Build"/>
    <property name="sun.arch.data.model" value="64"/>
    <property name="java.vendor.url" value="Unknown"/>
    <property name="user.country.format" value="BR"/>
    <property name="os.name" value="Linux"/>
    <property name="java.vm.specification.version" value="17"/>
    <property name="sun.java.launcher" value="SUN_STANDARD"/>
    <property name="user.country" value="US"/>
    <property name="sun.boot.library.path" value="/usr/lib/jvm/java-17-openjdk-amd64/lib"/>
    <property name="sun.java.command" value="/home/rodrigops/Projects/udemy-microservices/food-orderings-system/order-service/order-container/target/surefire/surefirebooter3452188779927112150.jar /home/rodrigops/Projects/udemy-microservices/food-orderings-system/order-service/order-container/target/surefire 2022-09-12T11-44-15_255-jvmRun1 surefire16076275823774875356tmp surefire_59553550290118570804tmp"/>
    <property name="jdk.debug" value="release"/>
    <property name="surefire.test.class.path" value="/home/rodrigops/Projects/udemy-microservices/food-orderings-system/order-service/order-container/target/test-classes:/home/rodrigops/Projects/udemy-microservices/food-orderings-system/order-service/order-container/target/classes:/home/rodrigops/Projects/udemy-microservices/food-orderings-system/order-service/order-domain/order-domain-core/target/order-domain-core-1.0-SNAPSHOT.jar:/home/rodrigops/Projects/udemy-microservices/food-orderings-system/order-service/order-domain/order-application-service/target/order-application-service-1.0-SNAPSHOT.jar:/home/rodrigops/Projects/udemy-microservices/food-orderings-system/order-service/order-application/target/order-application-1.0-SNAPSHOT.jar:/home/rodrigops/Projects/udemy-microservices/food-orderings-system/order-service/order-data-access/target/order-data-access-1.0-SNAPSHOT.jar:/home/rodrigops/Projects/udemy-microservices/food-orderings-system/order-service/order-messaging/target/order-messaging-1.0-SNAPSHOT.jar:/home/rodrigops/.m2/repository/junit/junit/4.13.2/junit-4.13.2.jar:/home/rodrigops/.m2/repository/org/hamcrest/hamcrest-core/2.2/hamcrest-core-2.2.jar:/home/rodrigops/.m2/repository/org/hamcrest/hamcrest/2.2/hamcrest-2.2.jar:"/>
    <property name="sun.cpu.endian" value="little"/>
    <property name="user.home" value="/home/rodrigops"/>
    <property name="user.language" value="en"/>
    <property name="java.specification.vendor" value="Oracle Corporation"/>
    <property name="java.version.date" value="2022-07-19"/>
    <property name="java.home" value="/usr/lib/jvm/java-17-openjdk-amd64"/>
    <property name="file.separator" value="/"/>
    <property name="basedir" value="/home/rodrigops/Projects/udemy-microservices/food-orderings-system/order-service/order-container"/>
    <property name="java.vm.compressedOopsMode" value="Zero based"/>
    <property name="line.separator" value="&#10;"/>
    <property name="java.specification.name" value="Java Platform API Specification"/>
    <property name="java.vm.specification.vendor" value="Oracle Corporation"/>
    <property name="surefire.real.class.path" value="/home/rodrigops/Projects/udemy-microservices/food-orderings-system/order-service/order-container/target/surefire/surefirebooter3452188779927112150.jar"/>
    <property name="sun.management.compiler" value="HotSpot 64-Bit Tiered Compilers"/>
    <property name="java.runtime.version" value="17.0.4+8-Ubuntu-122.04"/>
    <property name="user.name" value="CIANDT\rodrigops"/>
    <property name="path.separator" value=":"/>
    <property name="os.version" value="5.18.12-051812-generic"/>
    <property name="java.runtime.name" value="OpenJDK Runtime Environment"/>
    <property name="file.encoding" value="UTF-8"/>
    <property name="java.vm.name" value="OpenJDK 64-Bit Server VM"/>
    <property name="localRepository" value="/home/rodrigops/.m2/repository"/>
    <property name="java.vendor.url.bug" value="Unknown"/>
    <property name="java.io.tmpdir" value="/tmp"/>
    <property name="java.version" value="17.0.4"/>
    <property name="user.dir" value="/home/rodrigops/Projects/udemy-microservices/food-orderings-system/order-service/order-container"/>
    <property name="os.arch" value="amd64"/>
    <property name="java.vm.specification.name" value="Java Virtual Machine Specification"/>
    <property name="user.language.format" value="pt"/>
    <property name="native.encoding" value="UTF-8"/>
    <property name="java.library.path" value="/usr/java/packages/lib:/usr/lib/x86_64-linux-gnu/jni:/lib/x86_64-linux-gnu:/usr/lib/x86_64-linux-gnu:/usr/lib/jni:/lib:/usr/lib"/>
    <property name="java.vm.info" value="mixed mode, sharing"/>
    <property name="java.vendor" value="Private Build"/>
    <property name="java.vm.version" value="17.0.4+8-Ubuntu-122.04"/>
    <property name="sun.io.unicode.encoding" value="UnicodeLittle"/>
    <property name="java.class.version" value="61.0"/>
  </properties>
  <testcase name="testApp" classname="com.food.ordering.system.AppTest" time="0"/>
</testsuite>